0 info it worked if it ends with ok
1 verbose cli [ '/usr/local/bin/node', '/usr/local/bin/npm', 'start' ]
2 info using npm@3.10.10
3 info using node@v6.9.5
<<<<<<< HEAD
4 verbose run-script [ 'prestart', 'start', 'poststart' ]
5 info lifecycle canvaspic@0.0.0~prestart: canvaspic@0.0.0
6 silly lifecycle canvaspic@0.0.0~prestart: no script for prestart, continuing
7 info lifecycle canvaspic@0.0.0~start: canvaspic@0.0.0
8 verbose lifecycle canvaspic@0.0.0~start: unsafe-perm in lifecycle true
9 verbose lifecycle canvaspic@0.0.0~start: PATH: /usr/local/lib/node_modules/npm/bin/node-gyp-bin:/Users/taicheeweng/wolfkill/canvaspic/node_modules/.bin:/usr/local/opt/php55/bin:/usr/local/sbin:/usr/local/sbin:/opt/local/bin:/opt/local/sbin:/usr/local/bin:/usr/bin:/bin:/usr/sbin:/sbin:/opt/X11/bin:/Users/taicheeweng/npm/bin
10 verbose lifecycle canvaspic@0.0.0~start: CWD: /Users/taicheeweng/wolfkill/canvaspic
11 silly lifecycle canvaspic@0.0.0~start: Args: [ '-c', 'node ./bin/www' ]
12 silly lifecycle canvaspic@0.0.0~start: Returned: code: 1  signal: null
13 info lifecycle canvaspic@0.0.0~start: Failed to exec start script
14 verbose stack Error: canvaspic@0.0.0 start: `node ./bin/www`
14 verbose stack Exit status 1
14 verbose stack     at EventEmitter.<anonymous> (/usr/local/lib/node_modules/npm/lib/utils/lifecycle.js:255:16)
14 verbose stack     at emitTwo (events.js:106:13)
14 verbose stack     at EventEmitter.emit (events.js:191:7)
14 verbose stack     at ChildProcess.<anonymous> (/usr/local/lib/node_modules/npm/lib/utils/spawn.js:40:14)
14 verbose stack     at emitTwo (events.js:106:13)
14 verbose stack     at ChildProcess.emit (events.js:191:7)
14 verbose stack     at maybeClose (internal/child_process.js:877:16)
14 verbose stack     at Process.ChildProcess._handle.onexit (internal/child_process.js:226:5)
15 verbose pkgid canvaspic@0.0.0
16 verbose cwd /Users/taicheeweng/wolfkill/canvaspic
17 error Darwin 16.6.0
18 error argv "/usr/local/bin/node" "/usr/local/bin/npm" "start"
19 error node v6.9.5
20 error npm  v3.10.10
21 error code ELIFECYCLE
22 error canvaspic@0.0.0 start: `node ./bin/www`
22 error Exit status 1
23 error Failed at the canvaspic@0.0.0 start script 'node ./bin/www'.
23 error Make sure you have the latest version of node.js and npm installed.
23 error If you do, this is most likely a problem with the canvaspic package,
23 error not with npm itself.
23 error Tell the author that this fails on your system:
23 error     node ./bin/www
23 error You can get information on how to open an issue for this project with:
23 error     npm bugs canvaspic
23 error Or if that isn't available, you can get their info via:
23 error     npm owner ls canvaspic
23 error There is likely additional logging output above.
24 verbose exit [ 1, true ]
=======
4 verbose stack Error: missing script: start
4 verbose stack     at run (/usr/local/lib/node_modules/npm/lib/run-script.js:151:19)
4 verbose stack     at /usr/local/lib/node_modules/npm/lib/run-script.js:61:5
4 verbose stack     at /usr/local/lib/node_modules/npm/node_modules/read-package-json/read-json.js:356:5
4 verbose stack     at checkBinReferences_ (/usr/local/lib/node_modules/npm/node_modules/read-package-json/read-json.js:320:45)
4 verbose stack     at final (/usr/local/lib/node_modules/npm/node_modules/read-package-json/read-json.js:354:3)
4 verbose stack     at then (/usr/local/lib/node_modules/npm/node_modules/read-package-json/read-json.js:124:5)
4 verbose stack     at ReadFileContext.<anonymous> (/usr/local/lib/node_modules/npm/node_modules/read-package-json/read-json.js:295:20)
4 verbose stack     at ReadFileContext.callback (/usr/local/lib/node_modules/npm/node_modules/graceful-fs/graceful-fs.js:78:16)
4 verbose stack     at FSReqWrap.readFileAfterOpen [as oncomplete] (fs.js:365:13)
5 verbose cwd /Users/taicheeweng/wolfkill
6 error Darwin 16.5.0
7 error argv "/usr/local/bin/node" "/usr/local/bin/npm" "start"
8 error node v6.9.5
9 error npm  v3.10.10
10 error missing script: start
11 error If you need help, you may report this error at:
11 error     <https://github.com/npm/npm/issues>
12 verbose exit [ 1, true ]
>>>>>>> 96b5cf885626e11c0af4626f3c1cb7a289267278
